Started GET "/api/v1/pins" for 127.0.0.1 at 2020-01-27 22:20:27 -0500
  
ActiveRecord::PendingMigrationError (

Migrations are pending. To resolve this issue, run:

        bin/rails db:migrate RAILS_ENV=development

):
  
activerecord (5.0.2) lib/active_record/migration.rb:573:in `check_pending!'
activerecord (5.0.2) lib/active_record/migration.rb:549:in `call'
actionpack (5.0.2) lib/action_dispatch/middleware/callbacks.rb:38:in `block in call'
activesupport (5.0.2) lib/active_support/callbacks.rb:97:in `__run_callbacks__'
activesupport (5.0.2) lib/active_support/callbacks.rb:750:in `_run_call_callbacks'
activesupport (5.0.2) lib/active_support/callbacks.rb:90:in `run_callbacks'
actionpack (5.0.2) lib/action_dispatch/middleware/callbacks.rb:36:in `call'
actionpack (5.0.2) lib/action_dispatch/middleware/executor.rb:12:in `call'
actionpack (5.0.2) lib/action_dispatch/middleware/remote_ip.rb:79:in `call'
actionpack (5.0.2) lib/action_dispatch/middleware/debug_exceptions.rb:49:in `call'
web-console (2.3.0) lib/web_console/middleware.rb:28:in `block in call'
web-console (2.3.0) lib/web_console/middleware.rb:18:in `catch'
web-console (2.3.0) lib/web_console/middleware.rb:18:in `call'
actionpack (5.0.2) lib/action_dispatch/middleware/show_exceptions.rb:31:in `call'
railties (5.0.2) lib/rails/rack/logger.rb:36:in `call_app'
railties (5.0.2) lib/rails/rack/logger.rb:24:in `block in call'
activesupport (5.0.2) lib/active_support/tagged_logging.rb:69:in `block in tagged'
activesupport (5.0.2) lib/active_support/tagged_logging.rb:26:in `tagged'
activesupport (5.0.2) lib/active_support/tagged_logging.rb:69:in `tagged'
railties (5.0.2) lib/rails/rack/logger.rb:24:in `call'
actionpack (5.0.2) lib/action_dispatch/middleware/request_id.rb:24:in `call'
rack (2.0.6) lib/rack/method_override.rb:22:in `call'
rack (2.0.6) lib/rack/runtime.rb:22:in `call'
activesupport (5.0.2) lib/active_support/cache/strategy/local_cache_middleware.rb:28:in `call'
actionpack (5.0.2) lib/action_dispatch/middleware/executor.rb:12:in `call'
actionpack (5.0.2) lib/action_dispatch/middleware/static.rb:136:in `call'
rack (2.0.6) lib/rack/sendfile.rb:111:in `call'
railties (5.0.2) lib/rails/engine.rb:522:in `call'
rack (2.0.6) lib/rack/handler/webrick.rb:86:in `service'
/usr/lib/ruby/2.5.0/webrick/httpserver.rb:140:in `service'
/usr/lib/ruby/2.5.0/webrick/httpserver.rb:96:in `run'
/usr/lib/ruby/2.5.0/webrick/server.rb:307:in `block in start_thread'
  Rendering /var/lib/gems/2.5.0/gems/actionpack-5.0.2/lib/action_dispatch/middleware/templates/rescues/diagnostics.html.erb within rescues/layout
  Rendering /var/lib/gems/2.5.0/gems/actionpack-5.0.2/lib/action_dispatch/middleware/templates/rescues/_source.html.erb
  Rendered /var/lib/gems/2.5.0/gems/actionpack-5.0.2/lib/action_dispatch/middleware/templates/rescues/_source.html.erb (4.1ms)
  Rendering /var/lib/gems/2.5.0/gems/actionpack-5.0.2/lib/action_dispatch/middleware/templates/rescues/_trace.html.erb
  Rendered /var/lib/gems/2.5.0/gems/actionpack-5.0.2/lib/action_dispatch/middleware/templates/rescues/_trace.html.erb (2.3ms)
  Rendering /var/lib/gems/2.5.0/gems/actionpack-5.0.2/lib/action_dispatch/middleware/templates/rescues/_request_and_response.html.erb
  Rendered /var/lib/gems/2.5.0/gems/actionpack-5.0.2/lib/action_dispatch/middleware/templates/rescues/_request_and_response.html.erb (1.2ms)
  Rendered /var/lib/gems/2.5.0/gems/actionpack-5.0.2/lib/action_dispatch/middleware/templates/rescues/diagnostics.html.erb within rescues/layout (42.3ms)
DEPRECATION WARNING: Accessing mime types via constants is deprecated. Please change `Mime::HTML` to `Mime[:html]`. (called from acceptable_content_type? at /var/lib/gems/2.5.0/gems/web-console-2.3.0/lib/web_console/middleware.rb:58)
  Rendering /var/lib/gems/2.5.0/gems/web-console-2.3.0/lib/web_console/templates/index.html.erb
  Rendered /var/lib/gems/2.5.0/gems/web-console-2.3.0/lib/web_console/templates/_markup.html.erb (0.7ms)
  Rendering /var/lib/gems/2.5.0/gems/web-console-2.3.0/lib/web_console/templates/console.js.erb within layouts/javascript
  Rendering /var/lib/gems/2.5.0/gems/web-console-2.3.0/lib/web_console/templates/_inner_console_markup.html.erb within layouts/inlined_string
  Rendered /var/lib/gems/2.5.0/gems/web-console-2.3.0/lib/web_console/templates/_inner_console_markup.html.erb within layouts/inlined_string (0.9ms)
  Rendering /var/lib/gems/2.5.0/gems/web-console-2.3.0/lib/web_console/templates/_prompt_box_markup.html.erb within layouts/inlined_string
  Rendered /var/lib/gems/2.5.0/gems/web-console-2.3.0/lib/web_console/templates/_prompt_box_markup.html.erb within layouts/inlined_string (0.7ms)
  Rendering /var/lib/gems/2.5.0/gems/web-console-2.3.0/lib/web_console/templates/style.css.erb within layouts/inlined_string
  Rendered /var/lib/gems/2.5.0/gems/web-console-2.3.0/lib/web_console/templates/style.css.erb within layouts/inlined_string (0.6ms)
DEPRECATION WARNING: Accessing mime types via constants is deprecated. Please change `Mime::WEB_CONSOLE_V2` to `Mime[:web_console_v2]`. (called from __var_lib_gems_______gems_web_console_______lib_web_console_templates_console_js_erb___840760905237332167_47135318850280 at /var/lib/gems/2.5.0/gems/web-console-2.3.0/lib/web_console/templates/console.js.erb:491)
  Rendered /var/lib/gems/2.5.0/gems/web-console-2.3.0/lib/web_console/templates/console.js.erb within layouts/javascript (37.5ms)
  Rendering /var/lib/gems/2.5.0/gems/web-console-2.3.0/lib/web_console/templates/main.js.erb within layouts/javascript
  Rendered /var/lib/gems/2.5.0/gems/web-console-2.3.0/lib/web_console/templates/main.js.erb within layouts/javascript (0.6ms)
  Rendering /var/lib/gems/2.5.0/gems/web-console-2.3.0/lib/web_console/templates/error_page.js.erb within layouts/javascript
  Rendered /var/lib/gems/2.5.0/gems/web-console-2.3.0/lib/web_console/templates/error_page.js.erb within layouts/javascript (0.7ms)
  Rendered /var/lib/gems/2.5.0/gems/web-console-2.3.0/lib/web_console/templates/index.html.erb (63.9ms)
  [1m[35m (133.5ms)[0m  [1m[35mCREATE TABLE "schema_migrations" ("version" varchar NOT NULL PRIMARY KEY)[0m
  [1m[35m (129.9ms)[0m  [1m[35mCREATE TABLE "ar_internal_metadata" ("key" varchar NOT NULL PRIMARY KEY, "value" varchar, "created_at" datetime NOT NULL, "updated_at" datetime NOT NULL)[0m
  [1m[36mActiveRecord::SchemaMigration Load (0.2ms)[0m  [1m[34mSELECT "schema_migrations".* FROM "schema_migrations"[0m
Migrating to DeviseCreateUsers (20150919121453)
  [1m[35m (0.1ms)[0m  [1m[36mbegin transaction[0m
DEPRECATION WARNING: Directly inheriting from ActiveRecord::Migration is deprecated. Please specify the Rails release the migration was written for:

  class DeviseCreateUsers < ActiveRecord::Migration[4.2] (called from require at /home/nelly/Documentos/MAKE IT REAL/RETOS/RubyOnRails-II/Asegura el API/c4hu8ek/bin/rails:9)
  [1m[35m (0.5ms)[0m  [1m[35mCREATE TABLE "users" ("id" INTEGER PRIMARY KEY AUTOINCREMENT NOT NULL, "email" varchar DEFAULT '' NOT NULL, "encrypted_password" varchar DEFAULT '' NOT NULL, "reset_password_token" varchar, "reset_password_sent_at" datetime, "remember_created_at" datetime, "sign_in_count" integer DEFAULT 0 NOT NULL, "current_sign_in_at" datetime, "last_sign_in_at" datetime, "current_sign_in_ip" varchar, "last_sign_in_ip" varchar, "created_at" datetime NOT NULL, "updated_at" datetime NOT NULL)[0m
  [1m[35m (0.1ms)[0m  [1m[34mselect sqlite_version(*)[0m
  [1m[35m (0.2ms)[0m  [1m[35mCREATE UNIQUE INDEX "index_users_on_email" ON "users" ("email")[0m
  [1m[35m (0.1ms)[0m  [1m[34m            SELECT sql
            FROM sqlite_master
            WHERE name='index_users_on_email' AND type='index'
            UNION ALL
            SELECT sql
            FROM sqlite_temp_master
            WHERE name='index_users_on_email' AND type='index'
[0m
  [1m[35m (0.2ms)[0m  [1m[35mCREATE UNIQUE INDEX "index_users_on_reset_password_token" ON "users" ("reset_password_token")[0m
  [1m[35mSQL (0.3ms)[0m  [1m[32mINSERT INTO "schema_migrations" ("version") VALUES (?)[0m  [["version", "20150919121453"]]
  [1m[35m (138.8ms)[0m  [1m[36mcommit transaction[0m
Migrating to CreatePins (20150919121543)
  [1m[35m (0.3ms)[0m  [1m[36mbegin transaction[0m
DEPRECATION WARNING: Directly inheriting from ActiveRecord::Migration is deprecated. Please specify the Rails release the migration was written for:

  class CreatePins < ActiveRecord::Migration[4.2] (called from require at /home/nelly/Documentos/MAKE IT REAL/RETOS/RubyOnRails-II/Asegura el API/c4hu8ek/bin/rails:9)
  [1m[35m (0.6ms)[0m  [1m[35mCREATE TABLE "pins" ("id" INTEGER PRIMARY KEY AUTOINCREMENT NOT NULL, "user_id" integer, "title" varchar, "description" text, "created_at" datetime NOT NULL, "updated_at" datetime NOT NULL)[0m
  [1m[35m (0.2ms)[0m  [1m[35mCREATE  INDEX "index_pins_on_user_id" ON "pins" ("user_id")[0m
  [1m[35mSQL (0.4ms)[0m  [1m[32mINSERT INTO "schema_migrations" ("version") VALUES (?)[0m  [["version", "20150919121543"]]
  [1m[35m (127.2ms)[0m  [1m[36mcommit transaction[0m
Migrating to AddImageUrlToPins (20150919124149)
  [1m[35m (0.2ms)[0m  [1m[36mbegin transaction[0m
DEPRECATION WARNING: Directly inheriting from ActiveRecord::Migration is deprecated. Please specify the Rails release the migration was written for:

  class AddImageUrlToPins < ActiveRecord::Migration[4.2] (called from require at /home/nelly/Documentos/MAKE IT REAL/RETOS/RubyOnRails-II/Asegura el API/c4hu8ek/bin/rails:9)
  [1m[35m (1.1ms)[0m  [1m[35mALTER TABLE "pins" ADD "image_url" varchar[0m
  [1m[35mSQL (0.4ms)[0m  [1m[32mINSERT INTO "schema_migrations" ("version") VALUES (?)[0m  [["version", "20150919124149"]]
  [1m[35m (74.8ms)[0m  [1m[36mcommit transaction[0m
Migrating to RemoveDescriptionFromPins (20150919133603)
  [1m[35m (0.1ms)[0m  [1m[36mbegin transaction[0m
DEPRECATION WARNING: Directly inheriting from ActiveRecord::Migration is deprecated. Please specify the Rails release the migration was written for:

  class RemoveDescriptionFromPins < ActiveRecord::Migration[4.2] (called from require at /home/nelly/Documentos/MAKE IT REAL/RETOS/RubyOnRails-II/Asegura el API/c4hu8ek/bin/rails:9)
  [1m[35m (0.7ms)[0m  [1m[35mCREATE TEMPORARY TABLE "apins" ("id" INTEGER PRIMARY KEY AUTOINCREMENT NOT NULL, "user_id" integer, "title" varchar, "description" text, "created_at" datetime NOT NULL, "updated_at" datetime NOT NULL, "image_url" varchar)[0m
  [1m[35m (0.2ms)[0m  [1m[34m            SELECT sql
            FROM sqlite_master
            WHERE name='index_pins_on_user_id' AND type='index'
            UNION ALL
            SELECT sql
            FROM sqlite_temp_master
            WHERE name='index_pins_on_user_id' AND type='index'
[0m
  [1m[35m (0.3ms)[0m  [1m[35mCREATE  INDEX "tindex_apins_on_user_id" ON "apins" ("user_id")[0m
  [1m[35m (0.2ms)[0m  [1m[32mINSERT INTO "apins" ("id","user_id","title","description","created_at","updated_at","image_url")
                     SELECT "id","user_id","title","description","created_at","updated_at","image_url" FROM "pins"[0m
  [1m[35m (0.5ms)[0m  [1m[35mDROP TABLE "pins"[0m
  [1m[35m (0.3ms)[0m  [1m[35mCREATE TABLE "pins" ("id" INTEGER PRIMARY KEY AUTOINCREMENT NOT NULL, "user_id" integer, "title" varchar, "created_at" datetime NOT NULL, "updated_at" datetime NOT NULL, "image_url" varchar)[0m
  [1m[35m (0.2ms)[0m  [1m[34m            SELECT sql
            FROM sqlite_master
            WHERE name='tindex_apins_on_user_id' AND type='index'
            UNION ALL
            SELECT sql
            FROM sqlite_temp_master
            WHERE name='tindex_apins_on_user_id' AND type='index'
[0m
  [1m[35m (0.3ms)[0m  [1m[35mCREATE  INDEX "index_pins_on_user_id" ON "pins" ("user_id")[0m
  [1m[35m (0.6ms)[0m  [1m[32mINSERT INTO "pins" ("id","user_id","title","created_at","updated_at","image_url")
                     SELECT "id","user_id","title","created_at","updated_at","image_url" FROM "apins"[0m
  [1m[35m (0.3ms)[0m  [1m[35mDROP TABLE "apins"[0m
  [1m[35mSQL (0.2ms)[0m  [1m[32mINSERT INTO "schema_migrations" ("version") VALUES (?)[0m  [["version", "20150919133603"]]
  [1m[35m (68.8ms)[0m  [1m[36mcommit transaction[0m
Migrating to AddTokenToUsers (20150919143540)
  [1m[35m (0.2ms)[0m  [1m[36mbegin transaction[0m
DEPRECATION WARNING: Directly inheriting from ActiveRecord::Migration is deprecated. Please specify the Rails release the migration was written for:

  class AddTokenToUsers < ActiveRecord::Migration[4.2] (called from require at /home/nelly/Documentos/MAKE IT REAL/RETOS/RubyOnRails-II/Asegura el API/c4hu8ek/bin/rails:9)
  [1m[35m (0.9ms)[0m  [1m[35mALTER TABLE "users" ADD "encrypted_token" varchar[0m
  [1m[35m (0.6ms)[0m  [1m[35mALTER TABLE "users" ADD "encrypted_token_salt" varchar[0m
  [1m[35m (0.6ms)[0m  [1m[35mALTER TABLE "users" ADD "encrypted_token_iv" varchar[0m
  [1m[35mSQL (0.3ms)[0m  [1m[32mINSERT INTO "schema_migrations" ("version") VALUES (?)[0m  [["version", "20150919143540"]]
  [1m[35m (57.4ms)[0m  [1m[36mcommit transaction[0m
Migrating to AddApiTokenToUsers (20150923143720)
  [1m[35m (0.1ms)[0m  [1m[36mbegin transaction[0m
DEPRECATION WARNING: Directly inheriting from ActiveRecord::Migration is deprecated. Please specify the Rails release the migration was written for:

  class AddApiTokenToUsers < ActiveRecord::Migration[4.2] (called from require at /home/nelly/Documentos/MAKE IT REAL/RETOS/RubyOnRails-II/Asegura el API/c4hu8ek/bin/rails:9)
  [1m[35m (0.7ms)[0m  [1m[35mALTER TABLE "users" ADD "api_token" varchar[0m
  [1m[35mSQL (0.3ms)[0m  [1m[32mINSERT INTO "schema_migrations" ("version") VALUES (?)[0m  [["version", "20150923143720"]]
  [1m[35m (84.0ms)[0m  [1m[36mcommit transaction[0m
Migrating to RemoveTokenFromUsers (20150923143745)
  [1m[35m (0.2ms)[0m  [1m[36mbegin transaction[0m
DEPRECATION WARNING: Directly inheriting from ActiveRecord::Migration is deprecated. Please specify the Rails release the migration was written for:

  class RemoveTokenFromUsers < ActiveRecord::Migration[4.2] (called from require at /home/nelly/Documentos/MAKE IT REAL/RETOS/RubyOnRails-II/Asegura el API/c4hu8ek/bin/rails:9)
  [1m[35m (0.4ms)[0m  [1m[35mCREATE TEMPORARY TABLE "ausers" ("id" INTEGER PRIMARY KEY AUTOINCREMENT NOT NULL, "email" varchar DEFAULT '' NOT NULL, "encrypted_password" varchar DEFAULT '' NOT NULL, "reset_password_token" varchar, "reset_password_sent_at" datetime, "remember_created_at" datetime, "sign_in_count" integer DEFAULT 0 NOT NULL, "current_sign_in_at" datetime, "last_sign_in_at" datetime, "current_sign_in_ip" varchar, "last_sign_in_ip" varchar, "created_at" datetime NOT NULL, "updated_at" datetime NOT NULL, "encrypted_token" varchar, "encrypted_token_salt" varchar, "encrypted_token_iv" varchar, "api_token" varchar)[0m
  [1m[35m (0.2ms)[0m  [1m[34m            SELECT sql
            FROM sqlite_master
            WHERE name='index_users_on_reset_password_token' AND type='index'
            UNION ALL
            SELECT sql
            FROM sqlite_temp_master
            WHERE name='index_users_on_reset_password_token' AND type='index'
[0m
  [1m[35m (0.2ms)[0m  [1m[34m            SELECT sql
            FROM sqlite_master
            WHERE name='index_users_on_email' AND type='index'
            UNION ALL
            SELECT sql
            FROM sqlite_temp_master
            WHERE name='index_users_on_email' AND type='index'
[0m
  [1m[35m (0.3ms)[0m  [1m[35mCREATE UNIQUE INDEX "tindex_ausers_on_reset_password_token" ON "ausers" ("reset_password_token")[0m
  [1m[35m (0.3ms)[0m  [1m[35mCREATE UNIQUE INDEX "tindex_ausers_on_email" ON "ausers" ("email")[0m
  [1m[35m (0.2ms)[0m  [1m[32mINSERT INTO "ausers" ("id","email","encrypted_password","reset_password_token","reset_password_sent_at","remember_created_at","sign_in_count","current_sign_in_at","last_sign_in_at","current_sign_in_ip","last_sign_in_ip","created_at","updated_at","encrypted_token","encrypted_token_salt","encrypted_token_iv","api_token")
                     SELECT "id","email","encrypted_password","reset_password_token","reset_password_sent_at","remember_created_at","sign_in_count","current_sign_in_at","last_sign_in_at","current_sign_in_ip","last_sign_in_ip","created_at","updated_at","encrypted_token","encrypted_token_salt","encrypted_token_iv","api_token" FROM "users"[0m
  [1m[35m (0.4ms)[0m  [1m[35mDROP TABLE "users"[0m
  [1m[35m (0.2ms)[0m  [1m[35mCREATE TABLE "users" ("id" INTEGER PRIMARY KEY AUTOINCREMENT NOT NULL, "email" varchar DEFAULT '' NOT NULL, "encrypted_password" varchar DEFAULT '' NOT NULL, "reset_password_token" varchar, "reset_password_sent_at" datetime, "remember_created_at" datetime, "sign_in_count" integer DEFAULT 0 NOT NULL, "current_sign_in_at" datetime, "last_sign_in_at" datetime, "current_sign_in_ip" varchar, "last_sign_in_ip" varchar, "created_at" datetime NOT NULL, "updated_at" datetime NOT NULL, "encrypted_token_salt" varchar, "encrypted_token_iv" varchar, "api_token" varchar)[0m
  [1m[35m (0.1ms)[0m  [1m[34m            SELECT sql
            FROM sqlite_master
            WHERE name='tindex_ausers_on_email' AND type='index'
            UNION ALL
            SELECT sql
            FROM sqlite_temp_master
            WHERE name='tindex_ausers_on_email' AND type='index'
[0m
  [1m[35m (0.1ms)[0m  [1m[34m            SELECT sql
            FROM sqlite_master
            WHERE name='tindex_ausers_on_reset_password_token' AND type='index'
            UNION ALL
            SELECT sql
            FROM sqlite_temp_master
            WHERE name='tindex_ausers_on_reset_password_token' AND type='index'
[0m
  [1m[35m (0.2ms)[0m  [1m[35mCREATE UNIQUE INDEX "index_users_on_email" ON "users" ("email")[0m
  [1m[35m (0.1ms)[0m  [1m[34m            SELECT sql
            FROM sqlite_master
            WHERE name='index_users_on_email' AND type='index'
            UNION ALL
            SELECT sql
            FROM sqlite_temp_master
            WHERE name='index_users_on_email' AND type='index'
[0m
  [1m[35m (0.3ms)[0m  [1m[35mCREATE UNIQUE INDEX "index_users_on_reset_password_token" ON "users" ("reset_password_token")[0m
  [1m[35m (0.3ms)[0m  [1m[32mINSERT INTO "users" ("id","email","encrypted_password","reset_password_token","reset_password_sent_at","remember_created_at","sign_in_count","current_sign_in_at","last_sign_in_at","current_sign_in_ip","last_sign_in_ip","created_at","updated_at","encrypted_token_salt","encrypted_token_iv","api_token")
                     SELECT "id","email","encrypted_password","reset_password_token","reset_password_sent_at","remember_created_at","sign_in_count","current_sign_in_at","last_sign_in_at","current_sign_in_ip","last_sign_in_ip","created_at","updated_at","encrypted_token_salt","encrypted_token_iv","api_token" FROM "ausers"[0m
  [1m[35m (0.3ms)[0m  [1m[35mDROP TABLE "ausers"[0m
  [1m[35m (0.4ms)[0m  [1m[35mCREATE TEMPORARY TABLE "ausers" ("id" INTEGER PRIMARY KEY AUTOINCREMENT NOT NULL, "email" varchar DEFAULT '' NOT NULL, "encrypted_password" varchar DEFAULT '' NOT NULL, "reset_password_token" varchar, "reset_password_sent_at" datetime, "remember_created_at" datetime, "sign_in_count" integer DEFAULT 0 NOT NULL, "current_sign_in_at" datetime, "last_sign_in_at" datetime, "current_sign_in_ip" varchar, "last_sign_in_ip" varchar, "created_at" datetime NOT NULL, "updated_at" datetime NOT NULL, "encrypted_token_salt" varchar, "encrypted_token_iv" varchar, "api_token" varchar)[0m
  [1m[35m (0.2ms)[0m  [1m[34m            SELECT sql
            FROM sqlite_master
            WHERE name='index_users_on_reset_password_token' AND type='index'
            UNION ALL
            SELECT sql
            FROM sqlite_temp_master
            WHERE name='index_users_on_reset_password_token' AND type='index'
[0m
  [1m[35m (0.1ms)[0m  [1m[34m            SELECT sql
            FROM sqlite_master
            WHERE name='index_users_on_email' AND type='index'
            UNION ALL
            SELECT sql
            FROM sqlite_temp_master
            WHERE name='index_users_on_email' AND type='index'
[0m
  [1m[35m (0.2ms)[0m  [1m[35mCREATE UNIQUE INDEX "tindex_ausers_on_reset_password_token" ON "ausers" ("reset_password_token")[0m
  [1m[35m (0.4ms)[0m  [1m[35mCREATE UNIQUE INDEX "tindex_ausers_on_email" ON "ausers" ("email")[0m
  [1m[35m (0.3ms)[0m  [1m[32mINSERT INTO "ausers" ("id","email","encrypted_password","reset_password_token","reset_password_sent_at","remember_created_at","sign_in_count","current_sign_in_at","last_sign_in_at","current_sign_in_ip","last_sign_in_ip","created_at","updated_at","encrypted_token_salt","encrypted_token_iv","api_token")
                     SELECT "id","email","encrypted_password","reset_password_token","reset_password_sent_at","remember_created_at","sign_in_count","current_sign_in_at","last_sign_in_at","current_sign_in_ip","last_sign_in_ip","created_at","updated_at","encrypted_token_salt","encrypted_token_iv","api_token" FROM "users"[0m
  [1m[35m (0.3ms)[0m  [1m[35mDROP TABLE "users"[0m
  [1m[35m (0.3ms)[0m  [1m[35mCREATE TABLE "users" ("id" INTEGER PRIMARY KEY AUTOINCREMENT NOT NULL, "email" varchar DEFAULT '' NOT NULL, "encrypted_password" varchar DEFAULT '' NOT NULL, "reset_password_token" varchar, "reset_password_sent_at" datetime, "remember_created_at" datetime, "sign_in_count" integer DEFAULT 0 NOT NULL, "current_sign_in_at" datetime, "last_sign_in_at" datetime, "current_sign_in_ip" varchar, "last_sign_in_ip" varchar, "created_at" datetime NOT NULL, "updated_at" datetime NOT NULL, "encrypted_token_iv" varchar, "api_token" varchar)[0m
  [1m[35m (0.1ms)[0m  [1m[34m            SELECT sql
            FROM sqlite_master
            WHERE name='tindex_ausers_on_email' AND type='index'
            UNION ALL
            SELECT sql
            FROM sqlite_temp_master
            WHERE name='tindex_ausers_on_email' AND type='index'
[0m
  [1m[35m (0.1ms)[0m  [1m[34m            SELECT sql
            FROM sqlite_master
            WHERE name='tindex_ausers_on_reset_password_token' AND type='index'
            UNION ALL
            SELECT sql
            FROM sqlite_temp_master
            WHERE name='tindex_ausers_on_reset_password_token' AND type='index'
[0m
  [1m[35m (0.2ms)[0m  [1m[35mCREATE UNIQUE INDEX "index_users_on_email" ON "users" ("email")[0m
  [1m[35m (0.1ms)[0m  [1m[34m            SELECT sql
            FROM sqlite_master
            WHERE name='index_users_on_email' AND type='index'
            UNION ALL
            SELECT sql
            FROM sqlite_temp_master
            WHERE name='index_users_on_email' AND type='index'
[0m
  [1m[35m (0.2ms)[0m  [1m[35mCREATE UNIQUE INDEX "index_users_on_reset_password_token" ON "users" ("reset_password_token")[0m
  [1m[35m (0.1ms)[0m  [1m[32mINSERT INTO "users" ("id","email","encrypted_password","reset_password_token","reset_password_sent_at","remember_created_at","sign_in_count","current_sign_in_at","last_sign_in_at","current_sign_in_ip","last_sign_in_ip","created_at","updated_at","encrypted_token_iv","api_token")
                     SELECT "id","email","encrypted_password","reset_password_token","reset_password_sent_at","remember_created_at","sign_in_count","current_sign_in_at","last_sign_in_at","current_sign_in_ip","last_sign_in_ip","created_at","updated_at","encrypted_token_iv","api_token" FROM "ausers"[0m
  [1m[35m (0.2ms)[0m  [1m[35mDROP TABLE "ausers"[0m
  [1m[35m (0.3ms)[0m  [1m[35mCREATE TEMPORARY TABLE "ausers" ("id" INTEGER PRIMARY KEY AUTOINCREMENT NOT NULL, "email" varchar DEFAULT '' NOT NULL, "encrypted_password" varchar DEFAULT '' NOT NULL, "reset_password_token" varchar, "reset_password_sent_at" datetime, "remember_created_at" datetime, "sign_in_count" integer DEFAULT 0 NOT NULL, "current_sign_in_at" datetime, "last_sign_in_at" datetime, "current_sign_in_ip" varchar, "last_sign_in_ip" varchar, "created_at" datetime NOT NULL, "updated_at" datetime NOT NULL, "encrypted_token_iv" varchar, "api_token" varchar)[0m
  [1m[35m (0.1ms)[0m  [1m[34m            SELECT sql
            FROM sqlite_master
            WHERE name='index_users_on_reset_password_token' AND type='index'
            UNION ALL
            SELECT sql
            FROM sqlite_temp_master
            WHERE name='index_users_on_reset_password_token' AND type='index'
[0m
  [1m[35m (0.1ms)[0m  [1m[34m            SELECT sql
            FROM sqlite_master
            WHERE name='index_users_on_email' AND type='index'
            UNION ALL
            SELECT sql
            FROM sqlite_temp_master
            WHERE name='index_users_on_email' AND type='index'
[0m
  [1m[35m (0.2ms)[0m  [1m[35mCREATE UNIQUE INDEX "tindex_ausers_on_reset_password_token" ON "ausers" ("reset_password_token")[0m
  [1m[35m (0.3ms)[0m  [1m[35mCREATE UNIQUE INDEX "tindex_ausers_on_email" ON "ausers" ("email")[0m
  [1m[35m (0.2ms)[0m  [1m[32mINSERT INTO "ausers" ("id","email","encrypted_password","reset_password_token","reset_password_sent_at","remember_created_at","sign_in_count","current_sign_in_at","last_sign_in_at","current_sign_in_ip","last_sign_in_ip","created_at","updated_at","encrypted_token_iv","api_token")
                     SELECT "id","email","encrypted_password","reset_password_token","reset_password_sent_at","remember_created_at","sign_in_count","current_sign_in_at","last_sign_in_at","current_sign_in_ip","last_sign_in_ip","created_at","updated_at","encrypted_token_iv","api_token" FROM "users"[0m
  [1m[35m (0.2ms)[0m  [1m[35mDROP TABLE "users"[0m
  [1m[35m (0.4ms)[0m  [1m[35mCREATE TABLE "users" ("id" INTEGER PRIMARY KEY AUTOINCREMENT NOT NULL, "email" varchar DEFAULT '' NOT NULL, "encrypted_password" varchar DEFAULT '' NOT NULL, "reset_password_token" varchar, "reset_password_sent_at" datetime, "remember_created_at" datetime, "sign_in_count" integer DEFAULT 0 NOT NULL, "current_sign_in_at" datetime, "last_sign_in_at" datetime, "current_sign_in_ip" varchar, "last_sign_in_ip" varchar, "created_at" datetime NOT NULL, "updated_at" datetime NOT NULL, "api_token" varchar)[0m
  [1m[35m (0.1ms)[0m  [1m[34m            SELECT sql
            FROM sqlite_master
            WHERE name='tindex_ausers_on_email' AND type='index'
            UNION ALL
            SELECT sql
            FROM sqlite_temp_master
            WHERE name='tindex_ausers_on_email' AND type='index'
[0m
  [1m[35m (0.1ms)[0m  [1m[34m            SELECT sql
            FROM sqlite_master
            WHERE name='tindex_ausers_on_reset_password_token' AND type='index'
            UNION ALL
            SELECT sql
            FROM sqlite_temp_master
            WHERE name='tindex_ausers_on_reset_password_token' AND type='index'
[0m
  [1m[35m (0.2ms)[0m  [1m[35mCREATE UNIQUE INDEX "index_users_on_email" ON "users" ("email")[0m
  [1m[35m (0.1ms)[0m  [1m[34m            SELECT sql
            FROM sqlite_master
            WHERE name='index_users_on_email' AND type='index'
            UNION ALL
            SELECT sql
            FROM sqlite_temp_master
            WHERE name='index_users_on_email' AND type='index'
[0m
  [1m[35m (0.2ms)[0m  [1m[35mCREATE UNIQUE INDEX "index_users_on_reset_password_token" ON "users" ("reset_password_token")[0m
  [1m[35m (0.2ms)[0m  [1m[32mINSERT INTO "users" ("id","email","encrypted_password","reset_password_token","reset_password_sent_at","remember_created_at","sign_in_count","current_sign_in_at","last_sign_in_at","current_sign_in_ip","last_sign_in_ip","created_at","updated_at","api_token")
                     SELECT "id","email","encrypted_password","reset_password_token","reset_password_sent_at","remember_created_at","sign_in_count","current_sign_in_at","last_sign_in_at","current_sign_in_ip","last_sign_in_ip","created_at","updated_at","api_token" FROM "ausers"[0m
  [1m[35m (0.2ms)[0m  [1m[35mDROP TABLE "ausers"[0m
  [1m[35mSQL (0.2ms)[0m  [1m[32mINSERT INTO "schema_migrations" ("version") VALUES (?)[0m  [["version", "20150923143745"]]
  [1m[35m (73.4ms)[0m  [1m[36mcommit transaction[0m
  [1m[36mActiveRecord::InternalMetadata Load (0.5ms)[0m  [1m[34mSELECT  "ar_internal_metadata".* FROM "ar_internal_metadata" WHERE "ar_internal_metadata"."key" = ? LIMIT ?[0m  [["key", :environment], ["LIMIT", 1]]
  [1m[35m (0.1ms)[0m  [1m[36mbegin transaction[0m
  [1m[35mSQL (0.5ms)[0m  [1m[32mINSERT INTO "ar_internal_metadata" ("key", "value", "created_at", "updated_at") VALUES (?, ?, ?, ?)[0m  [["key", "environment"], ["value", "development"], ["created_at", 2020-01-28 03:21:44 UTC], ["updated_at", 2020-01-28 03:21:44 UTC]]
  [1m[35m (98.1ms)[0m  [1m[36mcommit transaction[0m
  [1m[36mActiveRecord::SchemaMigration Load (0.3ms)[0m  [1m[34mSELECT "schema_migrations".* FROM "schema_migrations"[0m
  [1m[35m (0.2ms)[0m  [1m[34m            SELECT sql
            FROM sqlite_master
            WHERE name='index_pins_on_user_id' AND type='index'
            UNION ALL
            SELECT sql
            FROM sqlite_temp_master
            WHERE name='index_pins_on_user_id' AND type='index'
[0m
  [1m[35m (0.1ms)[0m  [1m[34m            SELECT sql
            FROM sqlite_master
            WHERE name='index_users_on_reset_password_token' AND type='index'
            UNION ALL
            SELECT sql
            FROM sqlite_temp_master
            WHERE name='index_users_on_reset_password_token' AND type='index'
[0m
  [1m[35m (0.2ms)[0m  [1m[34m            SELECT sql
            FROM sqlite_master
            WHERE name='index_users_on_email' AND type='index'
            UNION ALL
            SELECT sql
            FROM sqlite_temp_master
            WHERE name='index_users_on_email' AND type='index'
[0m
  [1m[36mActiveRecord::SchemaMigration Load (0.2ms)[0m  [1m[34mSELECT "schema_migrations".* FROM "schema_migrations"[0m
  [1m[35m (0.1ms)[0m  [1m[36mbegin transaction[0m
  [1m[35mSQL (0.5ms)[0m  [1m[32mINSERT INTO "pins" ("title", "created_at", "updated_at", "image_url") VALUES (?, ?, ?, ?)[0m  [["title", "Cool Office"], ["created_at", 2020-01-28 03:21:57 UTC], ["updated_at", 2020-01-28 03:21:57 UTC], ["image_url", "https://s3.amazonaws.com/makeitreal/pins/office.jpg"]]
  [1m[35m (105.3ms)[0m  [1m[36mcommit transaction[0m
  [1m[35m (0.1ms)[0m  [1m[36mbegin transaction[0m
  [1m[35mSQL (0.4ms)[0m  [1m[32mINSERT INTO "pins" ("title", "created_at", "updated_at", "image_url") VALUES (?, ?, ?, ?)[0m  [["title", "Lamborghini Aventador"], ["created_at", 2020-01-28 03:21:57 UTC], ["updated_at", 2020-01-28 03:21:57 UTC], ["image_url", "https://s3.amazonaws.com/makeitreal/pins/lamborghini.jpg"]]
  [1m[35m (96.4ms)[0m  [1m[36mcommit transaction[0m
  [1m[35m (0.1ms)[0m  [1m[36mbegin transaction[0m
  [1m[35mSQL (0.5ms)[0m  [1m[32mINSERT INTO "pins" ("title", "created_at", "updated_at", "image_url") VALUES (?, ?, ?, ?)[0m  [["title", "Tianmen Mountain National Park, Zhangjiajie, Northwestern Hunan Province, China"], ["created_at", 2020-01-28 03:21:57 UTC], ["updated_at", 2020-01-28 03:21:57 UTC], ["image_url", "https://s3.amazonaws.com/makeitreal/pins/tianmen.jpg"]]
  [1m[35m (107.6ms)[0m  [1m[36mcommit transaction[0m
  [1m[35m (0.2ms)[0m  [1m[36mbegin transaction[0m
  [1m[35mSQL (0.7ms)[0m  [1m[32mINSERT INTO "pins" ("title", "created_at", "updated_at", "image_url") VALUES (?, ?, ?, ?)[0m  [["title", "Luxury Car"], ["created_at", 2020-01-28 03:21:57 UTC], ["updated_at", 2020-01-28 03:21:57 UTC], ["image_url", "https://s3.amazonaws.com/makeitreal/pins/luxury-car.jpg"]]
  [1m[35m (96.0ms)[0m  [1m[36mcommit transaction[0m
Started GET "/api/v1/pins" for 127.0.0.1 at 2020-01-27 22:22:13 -0500
  [1m[36mActiveRecord::SchemaMigration Load (0.2ms)[0m  [1m[34mSELECT "schema_migrations".* FROM "schema_migrations"[0m
Processing by Api::V1::PinsController#index as JSON
  [1m[36mUser Load (0.5ms)[0m  [1m[34mSELECT  "users".* FROM "users" WHERE "users"."email" = ? LIMIT ?[0m  [["email", ""], ["LIMIT", 1]]
Completed 500 Internal Server Error in 43ms (ActiveRecord: 0.9ms)


  
NoMethodError (undefined method `api_token' for nil:NilClass):
  
app/controllers/api/v1/pins_controller.rb:26:in `authenticate_with_http_token'
  Rendering /var/lib/gems/2.5.0/gems/actionpack-5.0.2/lib/action_dispatch/middleware/templates/rescues/diagnostics.html.erb within rescues/layout
  Rendering /var/lib/gems/2.5.0/gems/actionpack-5.0.2/lib/action_dispatch/middleware/templates/rescues/_source.html.erb
  Rendered /var/lib/gems/2.5.0/gems/actionpack-5.0.2/lib/action_dispatch/middleware/templates/rescues/_source.html.erb (4.2ms)
  Rendering /var/lib/gems/2.5.0/gems/actionpack-5.0.2/lib/action_dispatch/middleware/templates/rescues/_trace.html.erb
  Rendered /var/lib/gems/2.5.0/gems/actionpack-5.0.2/lib/action_dispatch/middleware/templates/rescues/_trace.html.erb (2.5ms)
  Rendering /var/lib/gems/2.5.0/gems/actionpack-5.0.2/lib/action_dispatch/middleware/templates/rescues/_request_and_response.html.erb
  Rendered /var/lib/gems/2.5.0/gems/actionpack-5.0.2/lib/action_dispatch/middleware/templates/rescues/_request_and_response.html.erb (1.4ms)
  Rendered /var/lib/gems/2.5.0/gems/actionpack-5.0.2/lib/action_dispatch/middleware/templates/rescues/diagnostics.html.erb within rescues/layout (28.6ms)
DEPRECATION WARNING: Accessing mime types via constants is deprecated. Please change `Mime::HTML` to `Mime[:html]`. (called from acceptable_content_type? at /var/lib/gems/2.5.0/gems/web-console-2.3.0/lib/web_console/middleware.rb:58)
  Rendering /var/lib/gems/2.5.0/gems/web-console-2.3.0/lib/web_console/templates/index.html.erb
  Rendered /var/lib/gems/2.5.0/gems/web-console-2.3.0/lib/web_console/templates/_markup.html.erb (0.4ms)
  Rendering /var/lib/gems/2.5.0/gems/web-console-2.3.0/lib/web_console/templates/console.js.erb within layouts/javascript
  Rendering /var/lib/gems/2.5.0/gems/web-console-2.3.0/lib/web_console/templates/_inner_console_markup.html.erb within layouts/inlined_string
  Rendered /var/lib/gems/2.5.0/gems/web-console-2.3.0/lib/web_console/templates/_inner_console_markup.html.erb within layouts/inlined_string (0.4ms)
  Rendering /var/lib/gems/2.5.0/gems/web-console-2.3.0/lib/web_console/templates/_prompt_box_markup.html.erb within layouts/inlined_string
  Rendered /var/lib/gems/2.5.0/gems/web-console-2.3.0/lib/web_console/templates/_prompt_box_markup.html.erb within layouts/inlined_string (0.5ms)
  Rendering /var/lib/gems/2.5.0/gems/web-console-2.3.0/lib/web_console/templates/style.css.erb within layouts/inlined_string
  Rendered /var/lib/gems/2.5.0/gems/web-console-2.3.0/lib/web_console/templates/style.css.erb within layouts/inlined_string (0.6ms)
DEPRECATION WARNING: Accessing mime types via constants is deprecated. Please change `Mime::WEB_CONSOLE_V2` to `Mime[:web_console_v2]`. (called from __var_lib_gems_______gems_web_console_______lib_web_console_templates_console_js_erb___2075371709090828046_47235830381100 at /var/lib/gems/2.5.0/gems/web-console-2.3.0/lib/web_console/templates/console.js.erb:491)
  Rendered /var/lib/gems/2.5.0/gems/web-console-2.3.0/lib/web_console/templates/console.js.erb within layouts/javascript (27.9ms)
  Rendering /var/lib/gems/2.5.0/gems/web-console-2.3.0/lib/web_console/templates/main.js.erb within layouts/javascript
  Rendered /var/lib/gems/2.5.0/gems/web-console-2.3.0/lib/web_console/templates/main.js.erb within layouts/javascript (0.5ms)
  Rendering /var/lib/gems/2.5.0/gems/web-console-2.3.0/lib/web_console/templates/error_page.js.erb within layouts/javascript
  Rendered /var/lib/gems/2.5.0/gems/web-console-2.3.0/lib/web_console/templates/error_page.js.erb within layouts/javascript (0.6ms)
  Rendered /var/lib/gems/2.5.0/gems/web-console-2.3.0/lib/web_console/templates/index.html.erb (48.8ms)
